<?xml version="1.0" encoding="UTF-8"?>
<!-- Generated by org.testng.reporters.JUnitXMLReporter -->
<testsuite hostname="CBT-020" name="Test" tests="3" failures="1" timestamp="13 Aug 2016 12:57:54 GMT" time="0.418" errors="0">
  <testcase name="extnreports" time="0.013" classname="com.qspiders.jenkins.DemoC"/>
  <testcase name="test1" time="0.375" classname="com.qspiders.jenkins.DemoC"/>
  <testcase name="test" time="0.004" classname="com.qspiders.jenkins.DemoA">
    <failure type="java.lang.AssertionError" message="null">
      <![CDATA[java.lang.AssertionError: null
	at com.qspiders.jenkins.DemoA.test(DemoA.java:14)
... Removed 29 stack frames]]>
    </failure>
  </testcase> <!-- test -->
</testsuite> <!-- Test -->
