<?xml version="1.0" encoding="UTF-8"?>
<testng-results skipped="0" failed="1" total="3" passed="2">
  <reporter-output>
    <line>
      <![CDATA[Failed Test]]>
    </line>
  </reporter-output>
  <suite name="Suite" duration-ms="418" started-at="2016-08-13T12:57:53Z" finished-at="2016-08-13T12:57:54Z">
    <groups>
    </groups>
    <test name="Test" duration-ms="418" started-at="2016-08-13T12:57:53Z" finished-at="2016-08-13T12:57:54Z">
      <class name="com.qspiders.jenkins.DemoA">
        <test-method status="FAIL" signature="test()[pri:0, instance:com.qspiders.jenkins.DemoA@401e7803]" name="test" duration-ms="4" started-at="2016-08-13T18:27:54Z" finished-at="2016-08-13T18:27:54Z">
          <exception class="java.lang.AssertionError">
            <message>
              <![CDATA[null]]>
            </message>
            <full-stacktrace>
              <![CDATA[java.lang.AssertionError: null
	at org.testng.Assert.fail(Assert.java:94)
	at org.testng.Assert.fail(Assert.java:101)
	at com.qspiders.jenkins.DemoA.test(DemoA.java:14)
	at sun.reflect.NativeMethodAccessorImpl.invoke0(Native Method)
	at sun.reflect.NativeMethodAccessorImpl.invoke(NativeMethodAccessorImpl.java:62)
	at sun.reflect.DelegatingMethodAccessorImpl.invoke(DelegatingMethodAccessorImpl.java:43)
	at java.lang.reflect.Method.invoke(Method.java:497)
	at org.testng.internal.MethodInvocationHelper.invokeMethod(MethodInvocationHelper.java:86)
	at org.testng.internal.Invoker.invokeMethod(Invoker.java:643)
	at org.testng.internal.Invoker.invokeTestMethod(Invoker.java:820)
	at org.testng.internal.Invoker.invokeTestMethods(Invoker.java:1128)
	at org.testng.internal.TestMethodWorker.invokeTestMethods(TestMethodWorker.java:129)
	at org.testng.internal.TestMethodWorker.run(TestMethodWorker.java:112)
	at org.testng.TestRunner.privateRun(TestRunner.java:782)
	at org.testng.TestRunner.run(TestRunner.java:632)
	at org.testng.SuiteRunner.runTest(SuiteRunner.java:366)
	at org.testng.SuiteRunner.runSequentially(SuiteRunner.java:361)
	at org.testng.SuiteRunner.privateRun(SuiteRunner.java:319)
	at org.testng.SuiteRunner.run(SuiteRunner.java:268)
	at org.testng.SuiteRunnerWorker.runSuite(SuiteRunnerWorker.java:52)
	at org.testng.SuiteRunnerWorker.run(SuiteRunnerWorker.java:86)
	at org.testng.TestNG.runSuitesSequentially(TestNG.java:1244)
	at org.testng.TestNG.runSuitesLocally(TestNG.java:1169)
	at org.testng.TestNG.run(TestNG.java:1064)
	at org.apache.maven.surefire.testng.TestNGExecutor.run(TestNGExecutor.java:281)
	at org.apache.maven.surefire.testng.TestNGXmlTestSuite.execute(TestNGXmlTestSuite.java:75)
	at org.apache.maven.surefire.testng.TestNGProvider.invoke(TestNGProvider.java:121)
	at org.apache.maven.surefire.booter.ForkedBooter.invokeProviderInSameClassLoader(ForkedBooter.java:290)
	at org.apache.maven.surefire.booter.ForkedBooter.runSuitesInProcess(ForkedBooter.java:242)
	at org.apache.maven.surefire.booter.ForkedBooter.main(ForkedBooter.java:121)
]]>
            </full-stacktrace>
          </exception> <!-- java.lang.AssertionError -->
          <reporter-output>
            <line>
              <![CDATA[Failed Test]]>
            </line>
          </reporter-output>
        </test-method> <!-- test -->
      </class> <!-- com.qspiders.jenkins.DemoA -->
      <class name="com.qspiders.jenkins.DemoC">
        <test-method status="PASS" signature="extnreports()[pri:0, instance:com.qspiders.jenkins.DemoC@2e3fc542]" name="extnreports" duration-ms="13" started-at="2016-08-13T18:27:53Z" finished-at="2016-08-13T18:27:53Z">
          <reporter-output>
          </reporter-output>
        </test-method> <!-- extnreports -->
        <test-method status="PASS" signature="test1()[pri:0, instance:com.qspiders.jenkins.DemoC@2e3fc542]" name="test1" duration-ms="375" started-at="2016-08-13T18:27:53Z" finished-at="2016-08-13T18:27:54Z">
          <reporter-output>
          </reporter-output>
        </test-method> <!-- test1 -->
      </class> <!-- com.qspiders.jenkins.DemoC -->
    </test> <!-- Test -->
  </suite> <!-- Suite -->
</testng-results>
